# JRE version: Java(TM) SE Runtime Environment (11.0.2+9) (build 11.0.2+9-LTS)
# Java VM: Java HotSpot(TM) 64-Bit Server VM (11.0.2+9-LTS, mixed mode, tiered, compressed oops, g1 gc, linux-amd64)
Heap:
 garbage-first heap   total 61440K, used 22572K [0x00000000c4000000, 0x0000000100000000)
  region size 1024K, 15 young (15360K), 1 survivors (1024K)
 Metaspace       used 20497K, capacity 21160K, committed 21296K, reserved 1069056K
  class space    used 2075K, capacity 2375K, committed 2432K, reserved 1048576K
GC Heap History (6 events):
Event: 1,245 GC heap before
{Heap before GC invocations=0 (full 0):
 garbage-first heap   total 61440K, used 6144K [0x00000000c4000000, 0x0000000100000000)
  region size 1024K, 7 young (7168K), 0 survivors (0K)
 Metaspace       used 11546K, capacity 11951K, committed 12160K, reserved 1060864K
  class space    used 1180K, capacity 1356K, committed 1408K, reserved 1048576K
}
Event: 1,254 GC heap after
{Heap after GC invocations=1 (full 0):
 garbage-first heap   total 61440K, used 2332K [0x00000000c4000000, 0x0000000100000000)
  region size 1024K, 1 young (1024K), 1 survivors (1024K)
 Metaspace       used 11546K, capacity 11951K, committed 12160K, reserved 1060864K
  class space    used 1180K, capacity 1356K, committed 1408K, reserved 1048576K
}
Event: 1,865 GC heap before
{Heap before GC invocations=1 (full 0):
 garbage-first heap   total 61440K, used 5404K [0x00000000c4000000, 0x0000000100000000)
  region size 1024K, 4 young (4096K), 1 survivors (1024K)
 Metaspace       used 16276K, capacity 16840K, committed 17152K, reserved 1064960K
  class space    used 1741K, capacity 1964K, committed 2048K, reserved 1048576K
}
Event: 1,875 GC heap after
{Heap after GC invocations=2 (full 0):
 garbage-first heap   total 61440K, used 3377K [0x00000000c4000000, 0x0000000100000000)
  region size 1024K, 1 young (1024K), 1 survivors (1024K)
 Metaspace       used 16276K, capacity 16840K, committed 17152K, reserved 1064960K
  class space    used 1741K, capacity 1964K, committed 2048K, reserved 1048576K
}
Event: 13,233 GC heap before
{Heap before GC invocations=2 (full 0):
 garbage-first heap   total 61440K, used 15665K [0x00000000c4000000, 0x0000000100000000)
  region size 1024K, 10 young (10240K), 1 survivors (1024K)
 Metaspace       used 19523K, capacity 20219K, committed 20352K, reserved 1067008K
  class space    used 2067K, capacity 2343K, committed 2432K, reserved 1048576K
}
Event: 13,236 GC heap after
{Heap after GC invocations=3 (full 0):
 garbage-first heap   total 61440K, used 8515K [0x00000000c4000000, 0x0000000100000000)
  region size 1024K, 2 young (2048K), 2 survivors (2048K)
 Metaspace       used 19523K, capacity 20219K, committed 20352K, reserved 1067008K
  class space    used 2067K, capacity 2343K, committed 2432K, reserved 1048576K
}

